
2024-10-10 03:44:01  |  PRIMO-Запуск  |  Начало запуска бота...
2024-10-10 03:44:05  |  PRIMO-Messages  |  Получено сообщение от verdise (Лейн): g

2024-10-10 03:44:15  |  PRIMO-Запуск  |  Начало запуска бота...
2024-10-10 03:44:22  |  PRIMO-Messages  |  Получено сообщение от verdise (Лейн): Приветпвы


2024-10-10 03:46:42  |  PRIMO-Запуск  |  Начало запуска бота @...

2024-10-10 03:46:53  |  PRIMO-Запуск  |  Начало запуска бота @...


2024-10-10 03:49:14  |  PRIMO-Запуск  |  Начало запуска бота @PrimoTesterBot...

2024-10-10 03:49:28  |  PRIMO-Запуск  |  Начало запуска бота @PrimoTesterBot...
2024-10-10 03:49:36  |  PRIMO-Messages  |  Получено сообщение от verdise (Лейн): f
2024-10-10 03:49:38  |  PRIMO-Messages  |  Получено сообщение от verdise (Лейн): f
2024-10-10 03:49:40  |  PRIMO-Messages  |  Получено сообщение от verdise (Лейн): fdafgsfd
2024-10-10 03:49:43  |  PRIMO-Messages  |  Получено сообщение от verdise (Сплетни_лавочек): f
2024-10-10 03:49:46  |  PRIMO-Messages  |  Получено сообщение от verdise (Сплетни_лавочек): g
2024-10-10 03:49:54  |  PRIMO-Messages  |  Получено сообщение от verdise (Сплетни_лавочек): Привепт
Павпыва
павя

2024-10-10 03:50:42  |  PRIMO-Запуск  |  Начало запуска бота @PrimoTesterBot...

2024-10-10 03:57:28  |  PRIMO-Запуск  |  Начало запуска бота @PrimoTesterBot...

2024-10-10 03:58:47  |  PRIMO-Запуск  |  Начало запуска бота @PrimoTesterBot...

2024-10-10 03:59:07  |  PRIMO-Запуск  |  Начало запуска бота @PrimoTesterBot...

2024-10-10 03:59:36  |  PRIMO-Запуск  |  Начало запуска бота @PrimoTesterBot...
2024-10-10 03:59:42  |  PRIMO-Messages  |  Получено сообщение от verdise (Сплетни_лавочек): пр
2024-10-10 03:59:45  |  PRIMO-Messages  |  Получено сообщение от verdise (Сплетни_лавочек): и
2024-10-10 04:00:04  |  PRIMO-Media  |  Фотография успешно скачана!
2024-10-10 04:00:05  |  PRIMO-Messages  |  Получено сообщение от verdise (Сплетни_лавочек): Ой как красива

2024-10-10 04:00:33  |  PRIMO-Запуск  |  Начало запуска бота @PrimoTesterBot...
2024-10-10 04:00:34  |  PRIMO-Media  |  Видеофайл успешно скачан!
2024-10-10 04:00:37  |  PRIMO-Messages  |  Получено сообщение от @verdise (Сплетни_лавочек): g
2024-10-10 04:00:42  |  PRIMO-Messages  |  Получено сообщение от @verdise (Сплетни_лавочек): gdfksjgh
2024-10-10 04:00:47  |  PRIMO-Messages  |  Получено сообщение от @verdise (Сплетни_лавочек): gdfjkls
gdfslkgj
gsldf
fgsd
SfsD
F
2024-10-10 04:00:58  |  PRIMO-Messages  |  Получено сообщение от @verdise (Сплетни_лавочек): gf

2024-10-10 04:01:27  |  PRIMO-Запуск  |  Начало запуска бота @PrimoTesterBot...
2024-10-10 04:01:28  |  PRIMO-Messages  |  Получено сообщение от @verdise (Сплетни_лавочек): gdfgsdfgsdfg


2024-10-10 04:01:57  |  PRIMO-Запуск  |  Начало запуска бота @PrimoTesterBot...
2024-10-10 04:01:59  |  PRIMO-Messages  |  Получено сообщение от @verdise (Сплетни_лавочек): ПРИВЕТПАИПТВАИП



2024-10-10 04:02:29  |  PRIMO-Запуск  |  Начало запуска бота @PrimoTesterBot...
2024-10-10 04:02:34  |  PRIMO-Messages  |  Получено сообщение от @verdise (Сплетни_лавочек): Ппвфолпрывапровалдпофждпождывподжфыплып.джрифж.ио
2024-10-10 04:02:42  |  PRIMO-Messages  |  Получено сообщение от @verdise (Сплетни_лавочек): пвапывап
2024-10-10 04:02:43  |  PRIMO-Messages  |  Получено сообщение от @verdise (Сплетни_лавочек): п
2024-10-10 04:02:43  |  PRIMO-Messages  |  Получено сообщение от @verdise (Сплетни_лавочек): апфав
2024-10-10 04:02:44  |  PRIMO-Messages  |  Получено сообщение от @verdise (Сплетни_лавочек): ппфы
2024-10-10 04:02:46  |  PRIMO-Media  |  Видеофайл успешно скачан!
2024-10-10 04:02:56  |  PRIMO-Media  |  Голосовое сообщение успешно скачано!
2024-10-10 04:03:05  |  PRIMO-Media  |  Документ успешно скачан!



2024-10-10 04:03:45  |  PRIMO-AEP  |  Начало запуска бота @PrimoTesterBot...
2024-10-10 04:03:50  |  PRIMO-Messages  |  Получено сообщение от @verdise (Сплетни_лавочек): f
2024-10-10 04:03:57  |  PRIMO-Messages  |  Получено сообщение от @verdise (Сплетни_лавочек): финик228
2024-10-10 04:04:00  |  PRIMO-Messages  |  Получено сообщение от @verdise (Сплетни_лавочек): финик
2024-10-10 04:04:06  |  PRIMO-EastEggs  |  Пасхалка 2 финикx найдена!



2024-10-10 04:04:25  |  PRIMO-AEP  |  Начало запуска бота @PrimoTesterBot...



2024-10-10 04:05:37  |  PRIMO-AEP  |  Начало запуска бота @PrimoTesterBot...



2024-10-10 04:06:01  |  PRIMO-AEP  |  Начало запуска бота @PrimoTesterBot...
2024-10-10 04:07:04  |  PRIMO-Messages  |  Получено сообщение от @verdise (Лейн): 32+2
2024-10-10 04:07:11  |  PRIMO-Messages  |  Получено сообщение от @verdise (Лейн): 23+2



2024-10-10 04:09:34  |  PRIMO-AEP  |  Начало запуска бота @PrimoTesterBot...



2024-10-10 04:11:34  |  PRIMO-AEP  |  Начало запуска бота @PrimoTesterBot...



2024-10-10 04:12:08  |  PRIMO-AEP  |  Начало запуска бота @PrimoTesterBot...
2024-10-10 04:13:20  |  PRIMO-Messages  |  Получено сообщение от @verdise (Лейн): 23+2
2024-10-10 04:13:24  |  PRIMO-Messages  |  Получено сообщение от @verdise (Лейн): 23+2=
2024-10-10 04:13:33  |  PRIMO-Messages  |  Получено сообщение от @fin_aki (Сплетни_лавочек): Это чо за заражение
2024-10-10 04:13:47  |  PRIMO-Media  |  Видеофайл успешно скачан!
2024-10-10 04:13:49  |  PRIMO-Messages  |  Получено сообщение от @verdise (Сплетни_лавочек): ?
2024-10-10 04:13:57  |  PRIMO-Messages  |  Получено сообщение от @fin_aki (Сплетни_лавочек): Штыбзит тебя
2024-10-10 04:14:01  |  PRIMO-Messages  |  Получено сообщение от @fin_aki (Сплетни_лавочек): В 4 часа тура
2024-10-10 04:14:13  |  PRIMO-Messages  |  Получено сообщение от @verdise (Сплетни_лавочек): и чо



2024-10-10 04:16:11  |  PRIMO-AEP  |  Начало запуска бота @PrimoTesterBot...



2024-10-10 04:18:07  |  PRIMO-AEP  |  Начало запуска бота @PrimoTesterBot...
2024-10-10 04:18:11  |  PRIMO-Messages  |  Получено сообщение от @verdise (Лейн): !1
2024-10-10 04:18:24  |  PRIMO-Messages  |  Получено сообщение от @verdise (Лейн): !(1)
2024-10-10 04:18:27  |  PRIMO-Messages  |  Получено сообщение от @verdise (Лейн): 42+2
2024-10-10 04:18:36  |  PRIMO-Messages  |  Получено сообщение от @verdise (Лейн): 43+x=10
2024-10-10 04:18:49  |  PRIMO-Messages  |  Получено сообщение от @verdise (Лейн): !3fsdg
2024-10-10 04:18:53  |  PRIMO-Messages  |  Получено сообщение от @verdise (Лейн): !gfdsg
2024-10-10 04:18:55  |  PRIMO-Messages  |  Получено сообщение от @verdise (Лейн): !4234
2024-10-10 04:19:29  |  PRIMO-Messages  |  Получено сообщение от @verdise (Лейн): 4324523



2024-10-10 04:22:28  |  PRIMO-AEP  |  Начало запуска бота @PrimoTesterBot...



2024-10-10 04:23:02  |  PRIMO-AEP  |  Начало запуска бота @PrimoTesterBot...



2024-10-10 04:25:30  |  PRIMO-AEP  |  Начало запуска бота @PrimoTesterBot...



2024-10-10 04:25:48  |  PRIMO-AEP  |  Начало запуска бота @PrimoTesterBot...
2024-10-10 04:26:18  |  PRIMO-Messages  |  Получено сообщение от @verdise (Лейн): important_id_adm = {
    6751720805: "Лейн",
    1570652377: "Рикси",
    7051557370: "Риша",
    1398573474: "Финаки"
}

# Хэндлер на текстовое сообщение "secret"
@router.message(F.from_user.id.in_(important_id_adm), F.text.lower() == "secret")
async def secret_admin_message(message: types.Message):
    await message.reply("Привет, админ!")
    #await write_message_to_file(message)
    #await write_user_info_to_file(message)
    logger.info("Введена команда админами - secret")



2024-10-10 04:34:57  |  PRIMO-AEP  |  Начало запуска бота @PrimoTesterBot...
2024-10-10 04:35:01  |  PRIMO-Messages  |  Получено сообщение от @verdise (Лейн): secret'



2024-10-10 04:35:27  |  PRIMO-AEP  |  Начало запуска бота @PrimoTesterBot...
2024-10-10 04:35:28  |  PRIMO-Messages  |  Получено сообщение от @verdise (Лейн): secret
2024-10-10 04:35:30  |  PRIMO-Messages  |  Получено сообщение от @verdise (Лейн): secret



2024-10-10 04:35:38  |  PRIMO-AEP  |  Начало запуска бота @PrimoTesterBot...



2024-10-10 04:36:55  |  PRIMO-AEP  |  Начало запуска бота @PrimoTesterBot...
2024-10-10 04:36:59  |  PRIMO-Admin  |  Сообщение secret получено!



2024-10-10 04:37:11  |  PRIMO-AEP  |  Начало запуска бота @PrimoTesterBot...



2024-10-10 04:37:30  |  PRIMO-AEP  |  Начало запуска бота @PrimoTesterBot...



2024-10-10 04:38:38  |  PRIMO-AEP  |  Начало запуска бота @PrimoTesterBot...
2024-10-10 04:38:44  |  PRIMO-Admin  |  Сообщение secret получено!



2024-10-10 04:46:51  |  PRIMO-AEP  |  Начало запуска бота @PrimoTesterBot...
2024-10-10 04:47:05  |  PRIMO-EastEggs  |  Пасхалка 3 андертейлкино найдена!



2024-10-10 04:47:58  |  PRIMO-AEP  |  Начало запуска бота @PrimoTesterBot...
2024-10-10 04:48:00  |  PRIMO-EastEggs  |  Пасхалка 3 андертейлкино найдена!
2024-10-10 04:48:04  |  PRIMO-EastEggs  |  Пасхалка 2 финикx найдена!
2024-10-10 04:48:08  |  PRIMO-EastEggs  |  Пасхалка 1 Финаки228 найдена!









2024-10-10 04:56:07  |  PRIMO-AEP  |  Начало запуска бота @None...



2024-10-10 04:56:26  |  PRIMO-AEP  |  Начало запуска бота @None...



2024-10-10 04:57:38  |  PRIMO-AEP  |  Начало запуска бота @None...



2024-10-10 04:57:49  |  PRIMO-AEP  |  Начало запуска бота @None...



2024-10-10 04:58:02  |  PRIMO-AEP  |  Начало запуска бота @PrimoTesterBot...



2024-10-10 05:00:11  |  PRIMO-AEP  |  Начало запуска бота @PrimoTesterBot...



2024-10-10 05:01:28  |  PRIMO-AEP  |  Начало запуска бота @PrimoTesterBot...
2024-10-10 05:01:44  |  PRIMO-Messages  |  Получено сообщение от @verdise (Лейн): f
2024-10-10 05:01:46  |  PRIMO-Messages  |  Получено сообщение от @verdise (Лейн): Приет
2024-10-10 05:01:48  |  PRIMO-Messages  |  Получено сообщение от @verdise (Лейн): как дела



2024-10-10 05:02:06  |  PRIMO-AEP  |  Начало запуска бота @PrimoTesterBot...
2024-10-10 05:02:49  |  PRIMO-Messages  |  Получено сообщение от @verdise (Сплетни_лавочек): шик



2024-10-10 05:11:21  |  PRIMO-AEP  |  Начало запуска бота @PrimoTesterBot...



2024-10-10 05:14:27  |  PRIMO-AEP  |  Начало запуска бота @PrimoTesterBot...



2024-10-10 05:15:46  |  PRIMO-AEP  |  Начало запуска бота @PrimoTesterBot...
2024-10-10 05:15:53  |  PRIMO-Messages  |  Получено сообщение от @verdise (Лейн): /send 2 2
2024-10-10 05:16:14  |  PRIMO-Messages  |  Получено сообщение от @verdise (Лейн): /send 7051557370 HELLO



2024-10-10 05:17:05  |  PRIMO-AEP  |  Начало запуска бота @PrimoTesterBot...



2024-10-10 05:18:21  |  PRIMO-AEP  |  Начало запуска бота @PrimoTesterBot...



2024-10-10 05:18:42  |  PRIMO-AEP  |  Начало запуска бота @PrimoTesterBot...



2024-10-10 05:22:25  |  PRIMO-AEP  |  Начало запуска бота @PrimoTesterBot...
2024-10-10 05:22:52  |  PRIMO-Messages  |  Получено сообщение от @verdise (Лейн): отправить 7051557370 Тебя взломали, тс



2024-10-10 05:23:26  |  PRIMO-AEP  |  Начало запуска бота @PrimoTesterBot...
2024-10-10 05:23:30  |  PRIMO-Messages  |  Получено сообщение от @verdise (Лейн): отправить 7051557370 Тебя взломали, тс



2024-10-10 05:28:21  |  PRIMO-AEP  |  Начало запуска бота @PrimoTesterBot...
2024-10-10 05:29:21  |  PRIMO-Messages  |  Получено сообщение от @verdise (Лейн): отправить 7051557370 HI HI HI HI HI HI HI HI HI HI HI HI HI HI HI HI HI HI HI HI HI HI HI HI HI HI HI HI HI HI HI HI HI HI HI HI HI HI HI HI HI HI
2024-10-10 05:29:29  |  PRIMO-Messages  |  Получено сообщение от @verdise (Лейн): отправить 7051557370 HI HI HI HI HI HI HI
2024-10-10 05:29:34  |  PRIMO-Messages  |  Получено сообщение от @verdise (Лейн): отправить 7051557370 HI HI HI HI HI
2024-10-10 05:30:15  |  PRIMO-Messages  |  Получено сообщение от @verdise (Лейн): отправить -1002247934490 HI HI HI HI HI HI HI HI
2024-10-10 05:30:28  |  PRIMO-Messages  |  Получено сообщение от @verdise (Лейн): .отправить -1002247934490 HI HI HI HI HI HI HI HI



2024-10-10 05:31:37  |  PRIMO-AEP  |  Начало запуска бота @PrimoTesterBot...
2024-10-10 05:31:53  |  PRIMO-Messages  |  Получено сообщение от @verdise (Лейн): отправить -1002247934490 Hi Hi hi HI



2024-10-10 05:32:56  |  PRIMO-AEP  |  Начало запуска бота @PrimoTesterBot...
2024-10-10 05:33:07  |  PRIMO-Send  |  Сообщение от @PrimoTesterBot для @-1002247934490: HI HI HI HI HI HI HI HI HI HI HI HI HI HI HI HI HI HI HI HI HI HI HI HI HI HI HI HI HI HI HI HI HI HI HI HI HI HI HI HI HI HI



2024-10-10 05:35:10  |  PRIMO-AEP  |  Начало запуска бота @PrimoTesterBot...



2024-10-10 05:37:05  |  PRIMO-AEP  |  Начало запуска бота @PrimoTesterBot...



2024-10-10 05:38:09  |  PRIMO-AEP  |  Начало запуска бота @PrimoTesterBot...



2024-10-10 05:38:41  |  PRIMO-AEP  |  Начало запуска бота @PrimoTesterBot...



2024-10-10 05:40:39  |  PRIMO-AEP  |  Начало запуска бота @PrimoTesterBot...



2024-10-10 05:40:55  |  PRIMO-AEP  |  Начало запуска бота @PrimoTesterBot...
2024-10-10 05:41:01  |  PRIMO-Send  |  Сообщение от @PrimoTesterBot для @-1002247934490: HI HI HI HI HI HI HI HI HI HI HI HI HI HI HI HI HI HI HI HI HI HI HI HI HI HI HI HI HI HI HI HI HI HI HI HI HI HI HI HI HI HI
2024-10-10 05:41:34  |  PRIMO-Send  |  Сообщение от @PrimoTesterBot для @6751720805: fjdaklgjsldfg
2024-10-10 05:41:36  |  PRIMO-Messages  |  Получено сообщение от @verdise (Лейн): О
2024-10-10 05:41:37  |  PRIMO-Messages  |  Получено сообщение от @verdise (Лейн): спс



2024-10-10 05:47:10  |  PRIMO-AEP  |  Начало запуска бота @PrimoTesterBot...
2024-10-10 05:47:19  |  PRIMO-Messages  |  Получено сообщение от @verdise (Лейн): ывапывапывапаывп
2024-10-10 05:47:29  |  PRIMO-Messages  |  Получено сообщение от @verdise (Лейн): пва
2024-10-10 05:47:36  |  PRIMO-Messages  |  Получено сообщение от @verdise (Лейн): П
2024-10-10 05:48:02  |  PRIMO-Messages  |  Получено сообщение от @verdise (Лейн): П



2024-10-10 05:49:00  |  PRIMO-AEP  |  Начало запуска бота @PrimoTesterBot...
2024-10-10 05:49:03  |  PRIMO-Messages  |  Получено сообщение от @verdise (Лейн): Л



2024-10-10 05:49:55  |  PRIMO-AEP  |  Начало запуска бота @PrimoTesterBot...
2024-10-10 05:49:58  |  PRIMO-Messages  |  Получено сообщение от @verdise (Лейн): g



2024-10-10 05:53:00  |  PRIMO-AEP  |  Начало запуска бота @PrimoTesterBot...



2024-10-10 05:53:57  |  PRIMO-AEP  |  Начало запуска бота @PrimoTesterBot...
2024-10-10 05:54:38  |  PRIMO-Messages  |  Получено сообщение от @verdise (Лейн): а
2024-10-10 05:56:24  |  PRIMO-Start  |  Команда /start активирована
2024-10-10 05:56:30  |  PRIMO-Start  |  Команда /start активирована
2024-10-10 05:56:32  |  PRIMO-Help  |  Команда /help активирована
2024-10-10 05:56:40  |  PRIMO-Start  |  Команда /start активирована






2024-10-10 06:01:17  |  PRIMO-AEP  |  Начало запуска бота @PrimoTesterBot...



2024-10-10 06:03:40  |  PRIMO-AEP  |  Начало запуска бота @PrimoTesterBot...



2024-10-10 06:03:53  |  PRIMO-AEP  |  Начало запуска бота @PrimoTesterBot...



2024-10-10 06:04:02  |  PRIMO-AEP  |  Начало запуска бота @PrimoTesterBot...



2024-10-10 06:04:26  |  PRIMO-AEP  |  Начало запуска бота @PrimoTesterBot...
2024-10-10 06:04:26  |  PRIMO-Messages  |   | Получено сообщение от @verdise (Лейн): g
2024-10-10 06:04:31  |  PRIMO-Messages  |   | Получено сообщение от @verdise (Лейн): g



2024-10-10 06:05:16  |  PRIMO-AEP  |  Начало запуска бота @PrimoTesterBot...



2024-10-10 06:05:35  |  PRIMO-AEP  |  Начало запуска бота @PrimoTesterBot...



2024-10-10 06:05:46  |  PRIMO-AEP  |  Начало запуска бота @PrimoTesterBot...



2024-10-10 06:06:15  |  PRIMO-AEP  |  Начало запуска бота @PrimoTesterBot...



2024-10-10 06:07:50  |  PRIMO-AEP  |  Console  | Начало запуска бота @PrimoTesterBot...



2024-10-10 06:08:17  |  PRIMO-AEP  |  Console  | Начало запуска бота @PrimoTesterBot...



2024-10-10 06:10:25  |  PRIMO-AEP  |  Console  | Начало запуска бота @PrimoTesterBot...
2024-10-10 06:10:28  |  PRIMO-Start  |  verdise  | Команда /start активирована



2024-10-10 06:12:35  |  PRIMO-AEP  |  Console  | Начало запуска бота @PrimoTesterBot...
2024-10-10 06:12:53  |  PRIMO-Messages  |  verdise  | Получено сообщение от @verdise (Лейн): пп
2024-10-10 06:14:03  |  PRIMO-Start  |  kits231147  | Команда /start активирована



2024-10-10 06:16:10  |  PRIMO-AEP  |  Console  | Начало запуска бота @PrimoTesterBot...



2024-10-10 06:20:05  |  PRIMO-AEP  |  Console  | Начало запуска бота @PrimoTesterBot...



2024-10-10 06:23:32  |  PRIMO-AEP  |  Console  | Начало запуска бота @PrimoTesterBot...



2024-10-10 06:24:16  |  PRIMO-AEP  |  Console  | Начало запуска бота @PrimoTesterBot...



2024-10-10 06:34:47  |  PRIMO-AEP  |  Console  | Начало запуска бота @PrimoTesterBot...



2024-10-10 06:35:36  |  PRIMO-AEP  |  Console  | Начало запуска бота @PrimoTesterBot...



2024-10-10 06:35:58  |  PRIMO-AEP  |  Console  | Начало запуска бота @PrimoTesterBot...



2024-10-10 06:36:41  |  PRIMO-AEP  |  Console  | Начало запуска бота @PrimoTesterBot...



2024-10-10 06:36:58  |  PRIMO-AEP  |  Console  | Начало запуска бота @PrimoTesterBot...



2024-10-10 06:37:03  |  PRIMO-AEP  |  Console  | Начало запуска бота @PrimoTesterBot...



2024-10-10 06:37:51  |  PRIMO-AEP  |  Console  | Начало запуска бота @PrimoTesterBot...



2024-10-10 06:41:31  |  PRIMO-AEP  |  Console  | Начало запуска бота @PrimoTesterBot...



2024-10-10 06:41:57  |  PRIMO-AEP  |  Console  | Начало запуска бота @PrimoTesterBot...



2024-10-10 06:47:18  |  PRIMO-AEP  |  Console  | Начало запуска бота @PrimoTesterBot...
2024-10-10 06:47:29  |  PRIMO-AEP  |  Console  | Начало запуска бота @PrimoTesterBot...
2024-10-10 06:48:40  |  PRIMO-AEP  |  Console  | Начало запуска бота @PrimoTesterBot...
2024-10-10 06:49:16  |  PRIMO-AEP  |  Console  | Начало запуска бота @PrimoTesterBot...
2024-10-10 06:49:52  |  PRIMO-AEP  |  Console  | Начало запуска бота @PrimoTesterBot...
2024-10-10 06:51:37  |  PRIMO-AEP  |  Console  | Начало запуска бота @PrimoTesterBot...
2024-10-10 06:51:48  |  PRIMO-Messages  |  verdise  | Получено сообщение от @verdise (Лейн): f
2024-10-10 06:52:01  |  PRIMO-AEP  |  Console  | Начало запуска бота @PrimoTesterBot...
2024-10-10 06:52:02  |  PRIMO-Messages  |  verdise  | Получено сообщение от @verdise (Лейн): f
2024-10-10 06:52:03  |  PRIMO-Messages  |  verdise  | Получено сообщение от @verdise (Лейн): f
2024-10-10 06:52:04  |  PRIMO-Messages  |  verdise  | Получено сообщение от @verdise (Лейн): s
2024-10-10 06:52:05  |  PRIMO-Messages  |  verdise  | Получено сообщение от @verdise (Лейн): f
2024-10-10 06:52:05  |  PRIMO-Messages  |  verdise  | Получено сообщение от @verdise (Лейн): f
2024-10-10 06:52:06  |  PRIMO-Messages  |  verdise  | Получено сообщение от @verdise (Лейн): f
2024-10-10 06:52:06  |  PRIMO-Messages  |  verdise  | Получено сообщение от @verdise (Лейн): f
2024-10-10 06:52:06  |  PRIMO-Messages  |  verdise  | Получено сообщение от @verdise (Лейн): f
2024-10-10 06:52:07  |  PRIMO-Messages  |  verdise  | Получено сообщение от @verdise (Лейн): f
2024-10-10 06:52:10  |  PRIMO-Start  |  verdise  | Команда /start активирована
2024-10-10 06:53:55  |  PRIMO-AEP  |  Console  | Начало запуска бота @PrimoTesterBot...
2024-10-10 06:54:31  |  PRIMO-AEP  |  Console  | Начало запуска бота @PrimoTesterBot...
2024-10-10 06:54:45  |  PRIMO-AEP  |  Console  | Начало запуска бота @None...
2024-10-10 06:56:23  |  PRIMO-AEP  |  Console  | Начало запуска бота @None...
2024-10-10 06:56:42  |  PRIMO-AEP  |  Console  | Начало запуска бота @PrimoTesterBot...
2024-10-10 06:57:20  |  PRIMO-AEP  |  Console  | Начало запуска бота @PrimoTesterBot...
2024-10-10 06:57:34  |  PRIMO-AEP  |  Console  | Начало запуска бота @PrimoTesterBot...












































































































































































































































































































































































































































































































































































































































































































































































































































































































































































































